\BOOKMARK [1][-]{section.1}{\376\377\000I\000n\000t\000e\000g\000e\000r\000s}{}% 1
\BOOKMARK [2][-]{subsection.1.1}{\376\377\000F\000o\000r\000m\000u\000l\000a\000e}{section.1}% 2
\BOOKMARK [2][-]{subsection.1.2}{\376\377\000N\000C\000E\000R\000T}{section.1}% 3
\BOOKMARK [1][-]{section.2}{\376\377\000D\000e\000c\000i\000m\000a\000l\000\040\000N\000u\000m\000b\000e\000r\000s}{}% 4
\BOOKMARK [2][-]{subsection.2.1}{\376\377\000F\000o\000r\000m\000u\000l\000a\000e}{section.2}% 5
\BOOKMARK [2][-]{subsection.2.2}{\376\377\000N\000C\000E\000R\000T}{section.2}% 6
\BOOKMARK [1][-]{section.3}{\376\377\000P\000r\000o\000g\000r\000a\000m\000m\000i\000n\000g}{}% 7
\BOOKMARK [2][-]{subsection.3.1}{\376\377\000F\000o\000r\000m\000u\000l\000a\000e}{section.3}% 8
\BOOKMARK [2][-]{subsection.3.2}{\376\377\000N\000C\000E\000R\000T}{section.3}% 9
\BOOKMARK [1][-]{section.4}{\376\377\000D\000a\000t\000a\000\040\000H\000a\000n\000d\000l\000i\000n\000g}{}% 10
\BOOKMARK [2][-]{subsection.4.1}{\376\377\000F\000o\000r\000m\000u\000l\000a\000e}{section.4}% 11
\BOOKMARK [2][-]{subsection.4.2}{\376\377\000N\000C\000E\000R\000T}{section.4}% 12
\BOOKMARK [1][-]{section.5}{\376\377\000M\000a\000t\000h\000\040\000L\000i\000b\000r\000a\000r\000y}{}% 13
\BOOKMARK [1][-]{section.6}{\376\377\000R\000a\000n\000d\000o\000m\000\040\000N\000u\000m\000b\000e\000r\000s}{}% 14
\BOOKMARK [1][-]{section*.18}{\376\377\000A\000p\000p\000e\000n\000d\000i\000x\000\040\000A\000:\000\040\000T\000r\000i\000a\000n\000g\000l\000e}{}% 15
\BOOKMARK [2][-]{subsection.Appendix.A.1}{\376\377\000S\000i\000d\000e\000s}{section*.18}% 16
\BOOKMARK [2][-]{subsection.Appendix.A.2}{\376\377\000M\000e\000d\000i\000a\000n}{section*.18}% 17
\BOOKMARK [2][-]{subsection.Appendix.A.3}{\376\377\000A\000l\000t\000i\000t\000u\000d\000e}{section*.18}% 18
\BOOKMARK [2][-]{subsection.Appendix.A.4}{\376\377\000P\000e\000r\000p\000e\000n\000d\000i\000c\000u\000l\000a\000r\000\040\000B\000i\000s\000e\000c\000t\000o\000r}{section*.18}% 19
\BOOKMARK [2][-]{subsection.Appendix.A.5}{\376\377\000A\000n\000g\000l\000e\000\040\000B\000i\000s\000e\000c\000t\000o\000r}{section*.18}% 20
